c:\users\callum\downloads\final4\csc8503\csc8503common\debug\csc8503common.pdb
c:\users\callum\downloads\final4\csc8503\csc8503common\debug\csc8503common.idb
c:\users\callum\downloads\final4\csc8503\csc8503common\debug\transform.obj
c:\users\callum\downloads\final4\csc8503\csc8503common\debug\statetransition.obj
c:\users\callum\downloads\final4\csc8503\csc8503common\debug\statemachine.obj
c:\users\callum\downloads\final4\csc8503\csc8503common\debug\renderobject.obj
c:\users\callum\downloads\final4\csc8503\csc8503common\debug\quadtree.obj
c:\users\callum\downloads\final4\csc8503\csc8503common\debug\pushdownstate.obj
c:\users\callum\downloads\final4\csc8503\csc8503common\debug\pushdownmachine.obj
c:\users\callum\downloads\final4\csc8503\csc8503common\debug\positionconstraint.obj
c:\users\callum\downloads\final4\csc8503\csc8503common\debug\physicssystem.obj
c:\users\callum\downloads\final4\csc8503\csc8503common\debug\physicsobject.obj
c:\users\callum\downloads\final4\csc8503\csc8503common\debug\navigationmesh.obj
c:\users\callum\downloads\final4\csc8503\csc8503common\debug\navigationgrid.obj
c:\users\callum\downloads\final4\csc8503\csc8503common\debug\gameworld.obj
c:\users\callum\downloads\final4\csc8503\csc8503common\debug\gameobject.obj
c:\users\callum\downloads\final4\csc8503\csc8503common\debug\debug.obj
c:\users\callum\downloads\final4\csc8503\csc8503common\debug\collisiondetection.obj
c:\users\callum\downloads\final4\win32\debug\csc8503common.lib
c:\users\callum\downloads\final4\csc8503\csc8503common\debug\csc8503common.tlog\cl.command.1.tlog
c:\users\callum\downloads\final4\csc8503\csc8503common\debug\csc8503common.tlog\cl.read.1.tlog
c:\users\callum\downloads\final4\csc8503\csc8503common\debug\csc8503common.tlog\cl.write.1.tlog
c:\users\callum\downloads\final4\csc8503\csc8503common\debug\csc8503common.tlog\lib-link.read.1.tlog
c:\users\callum\downloads\final4\csc8503\csc8503common\debug\csc8503common.tlog\lib-link.write.1.tlog
c:\users\callum\downloads\final4\csc8503\csc8503common\debug\csc8503common.tlog\lib.command.1.tlog
