  Assets.cpp
C:\Users\Callum\Downloads\final4\Common\Assets.cpp(45,9): warning C4244: '=': conversion from 'std::streamoff' to 'size_t', possible loss of data
  Camera.cpp
  GameTimer.cpp
  Keyboard.cpp
  Maths.cpp
  Matrix2.cpp
  Matrix3.cpp
  Matrix4.cpp
  MeshAnimation.cpp
  MeshGeometry.cpp
C:\Users\Callum\Downloads\final4\Common\MeshGeometry.cpp(283,20): warning C4018: '<': signed/unsigned mismatch
  MeshMaterial.cpp
C:\Users\Callum\Downloads\final4\Common\MeshMaterial.cpp(64,17): warning C4018: '>=': signed/unsigned mismatch
  Mouse.cpp
  Plane.cpp
  Quaternion.cpp
  RendererBase.cpp
  ShaderBase.cpp
  SimpleFont.cpp
  TextureBase.cpp
  TextureLoader.cpp
  TextureWriter.cpp
  Generating Code...
  Compiling...
  Vector2.cpp
  Vector3.cpp
  Vector4.cpp
  Win32Keyboard.cpp
  Win32Mouse.cpp
  Win32Window.cpp
  Window.cpp
  Generating Code...
  Common.vcxproj -> C:\Users\Callum\Downloads\final4\Win32\Debug\Common.lib
